<?xml version="1.0" encoding="UTF-8"?>
<testng-results skipped="0" failed="1" ignored="0" total="3" passed="2">
  <reporter-output>
  </reporter-output>
  <suite name="Options.TestRunner" duration-ms="80862" started-at="2022-12-01T09:21:40 IST" finished-at="2022-12-01T09:23:01 IST">
    <groups>
      <group name="cucumber">
        <method signature="AbstractTestNGCucumberTests.runScenario(io.cucumber.testng.PickleWrapper,io.cucumber.testng.FeatureWrapper)[pri:0, instance:Options.TestRunner@75881071]" name="runScenario" class="io.cucumber.testng.AbstractTestNGCucumberTests"/>
      </group> <!-- cucumber -->
    </groups>
    <test name="Command line test" duration-ms="80862" started-at="2022-12-01T09:21:40 IST" finished-at="2022-12-01T09:23:01 IST">
      <class name="Options.TestRunner">
        <test-method status="PASS" signature="setUpClass(org.testng.ITestContext)[pri:0, instance:Options.TestRunner@75881071]" name="setUpClass" is-config="true" duration-ms="826" started-at="2022-12-01T09:21:40 IST" finished-at="2022-12-01T09:21:41 IST">
          <params>
            <param index="0">
              <value>
                <![CDATA[org.testng.TestRunner@3d08f3f5]]>
              </value>
            </param>
          </params>
          <reporter-output>
          </reporter-output>
        </test-method> <!-- setUpClass -->
        <test-method status="PASS" signature="runScenario(io.cucumber.testng.PickleWrapper,io.cucumber.testng.FeatureWrapper)[pri:0, instance:Options.TestRunner@75881071]" name="runScenario" duration-ms="79593" started-at="2022-12-01T09:21:41 IST" description="Runs Cucumber Scenarios" data-provider="scenarios" finished-at="2022-12-01T09:23:01 IST">
          <params>
            <param index="0">
              <value>
                <![CDATA["User able to purchase product online"]]>
              </value>
            </param>
            <param index="1">
              <value>
                <![CDATA["Purchase Online"]]>
              </value>
            </param>
          </params>
          <reporter-output>
          </reporter-output>
        </test-method> <!-- runScenario -->
        <test-method status="PASS" signature="runScenario(io.cucumber.testng.PickleWrapper,io.cucumber.testng.FeatureWrapper)[pri:0, instance:Options.TestRunner@75881071]" name="runScenario" duration-ms="13991" started-at="2022-12-01T09:21:41 IST" description="Runs Cucumber Scenarios" data-provider="scenarios" finished-at="2022-12-01T09:21:55 IST">
          <params>
            <param index="0">
              <value>
                <![CDATA["User able to purchase product online"]]>
              </value>
            </param>
            <param index="1">
              <value>
                <![CDATA["Search Product Online"]]>
              </value>
            </param>
          </params>
          <reporter-output>
          </reporter-output>
        </test-method> <!-- runScenario -->
        <test-method status="FAIL" signature="runScenario(io.cucumber.testng.PickleWrapper,io.cucumber.testng.FeatureWrapper)[pri:0, instance:Options.TestRunner@75881071]" name="runScenario" duration-ms="13391" started-at="2022-12-01T09:21:41 IST" description="Runs Cucumber Scenarios" data-provider="scenarios" finished-at="2022-12-01T09:21:55 IST">
          <params>
            <param index="0">
              <value>
                <![CDATA["User able to purchase product online"]]>
              </value>
            </param>
            <param index="1">
              <value>
                <![CDATA["Search Product Online"]]>
              </value>
            </param>
          </params>
          <exception class="java.lang.AssertionError">
            <message>
              <![CDATA[Element not present]]>
            </message>
            <full-stacktrace>
              <![CDATA[java.lang.AssertionError: Element not present
at org.testng.Assert.fail(Assert.java:110)
at pojo.LumaShopping.SearchGridPage.selectProduct(SearchGridPage.java:39)
at stepDefinitions.SearchGridPageStepDefinition.click_on_product_and_navigate_to_product_detail_page(SearchGridPageStepDefinition.java:24)
at âœ½.Click on product "Adrienne Trek Jackets" and navigate to Product detail page(file:///C:/Users/AVITA/Desktop/Automation/lumaAutomationSuite/src/test/java/features/searchProduct.feature:18)
]]>
            </full-stacktrace>
          </exception> <!-- java.lang.AssertionError -->
          <reporter-output>
          </reporter-output>
        </test-method> <!-- runScenario -->
        <test-method status="PASS" signature="tearDownClass()[pri:0, instance:Options.TestRunner@75881071]" name="tearDownClass" is-config="true" duration-ms="408" started-at="2022-12-01T09:23:01 IST" finished-at="2022-12-01T09:23:01 IST">
          <reporter-output>
          </reporter-output>
        </test-method> <!-- tearDownClass -->
      </class> <!-- Options.TestRunner -->
    </test> <!-- Command line test -->
  </suite> <!-- Options.TestRunner -->
</testng-results>
