<?xml version="1.0" encoding="UTF-8"?>
<!-- Generated by org.testng.reporters.JUnitReportReporter -->
<testsuite skipped="0" hostname="HERAIN" name="Options.TestRunner" tests="3" failures="1" timestamp="2022-12-01T09:23:01 IST" time="106.975" errors="0">
  <testcase name="runScenario" time="79.593" classname="Options.TestRunner"/>
  <system-out/>
  <testcase name="runScenario" time="13.991" classname="Options.TestRunner"/>
  <system-out/>
  <testcase name="runScenario" time="13.391" classname="Options.TestRunner">
    <failure type="java.lang.AssertionError" message="Element not present">
      <![CDATA[java.lang.AssertionError: Element not present
at org.testng.Assert.fail(Assert.java:110)
at pojo.LumaShopping.SearchGridPage.selectProduct(SearchGridPage.java:39)
at stepDefinitions.SearchGridPageStepDefinition.click_on_product_and_navigate_to_product_detail_page(SearchGridPageStepDefinition.java:24)
at âœ½.Click on product "Adrienne Trek Jackets" and navigate to Product detail page(file:///C:/Users/AVITA/Desktop/Automation/lumaAutomationSuite/src/test/java/features/searchProduct.feature:18)
]]>
    </failure>
  </testcase> <!-- runScenario -->
  <system-out/>
</testsuite> <!-- Options.TestRunner -->
